<?xml version="1.0" encoding="UTF-8"?>
<!-- Generated by org.testng.reporters.JUnitReportReporter -->
<testsuite hostname="DESKTOP-2PG37MQ" failures="0" tests="2" name="testngFlag.Flag2" time="0.023" errors="0" timestamp="2022-06-06T19:42:55 IST" skipped="1">
  <testcase classname="testngFlag.Flag2" name="logout" time="0.023"/>
  <system-out>
    <![CDATA[Logout Performed]]>
  </system-out>
  <testcase classname="testngFlag.Flag2" name="login">
    <skipped/>
  </testcase> <!-- login -->
  <system-out/>
</testsuite> <!-- testngFlag.Flag2 -->
