<?xml version="1.0" encoding="UTF-8"?>
<!-- Generated by org.testng.reporters.JUnitReportReporter -->
<testsuite hostname="DESKTOP-2PG37MQ" failures="0" tests="9" name="testngFlag.Flag4" time="0.065" errors="0" timestamp="2022-06-06T19:58:02 IST" skipped="0">
  <testcase classname="testngFlag.Flag4" name="m" time="0.004"/>
  <system-out>
    <![CDATA[m]]>
  </system-out>
  <testcase classname="testngFlag.Flag4" name="h" time="0.005"/>
  <system-out>
    <![CDATA[h]]>
  </system-out>
  <testcase classname="testngFlag.Flag4" name="a" time="0.023"/>
  <system-out>
    <![CDATA[a]]>
  </system-out>
  <testcase classname="testngFlag.Flag4" name="b" time="0.003"/>
  <system-out>
    <![CDATA[b]]>
  </system-out>
  <testcase classname="testngFlag.Flag4" name="p" time="0.014"/>
  <system-out>
    <![CDATA[p]]>
  </system-out>
  <testcase classname="testngFlag.Flag4" name="g" time="0.005"/>
  <system-out>
    <![CDATA[g]]>
  </system-out>
  <testcase classname="testngFlag.Flag4" name="k" time="0.004"/>
  <system-out>
    <![CDATA[k]]>
  </system-out>
  <testcase classname="testngFlag.Flag4" name="z" time="0.004"/>
  <system-out>
    <![CDATA[z]]>
  </system-out>
  <testcase classname="testngFlag.Flag4" name="l" time="0.003"/>
  <system-out>
    <![CDATA[l]]>
  </system-out>
</testsuite> <!-- testngFlag.Flag4 -->
