<?xml version="1.0" encoding="UTF-8"?>
<!-- Generated by org.testng.reporters.JUnitReportReporter -->
<testsuite hostname="DESKTOP-2PG37MQ" failures="0" tests="1" name="Testngpack.Sumo" time="0.005" errors="0" timestamp="2022-06-06T18:32:19 IST" skipped="0">
  <testcase classname="Testngpack.Sumo" name="f" time="0.005"/>
  <system-out>
    <![CDATA[Sumo class Method]]>
  </system-out>
</testsuite> <!-- Testngpack.Sumo -->
