<?xml version="1.0" encoding="UTF-8"?>
<!-- Generated by org.testng.reporters.JUnitReportReporter -->
<testsuite hostname="DESKTOP-2PG37MQ" failures="0" tests="9" name="testngFlag.Flag4_1" time="0.049" errors="0" timestamp="2022-06-06T20:15:04 IST" skipped="0">
  <testcase classname="testngFlag.Flag4_1" name="b" time="0.003"/>
  <system-out>
    <![CDATA[b]]>
  </system-out>
  <testcase classname="testngFlag.Flag4_1" name="l" time="0.008"/>
  <system-out>
    <![CDATA[l]]>
  </system-out>
  <testcase classname="testngFlag.Flag4_1" name="a" time="0.018"/>
  <system-out>
    <![CDATA[a]]>
  </system-out>
  <testcase classname="testngFlag.Flag4_1" name="g" time="0.004"/>
  <system-out>
    <![CDATA[g]]>
  </system-out>
  <testcase classname="testngFlag.Flag4_1" name="k" time="0.002"/>
  <system-out>
    <![CDATA[k]]>
  </system-out>
  <testcase classname="testngFlag.Flag4_1" name="h" time="0.002"/>
  <system-out>
    <![CDATA[h]]>
  </system-out>
  <testcase classname="testngFlag.Flag4_1" name="p" time="0.003"/>
  <system-out>
    <![CDATA[p]]>
  </system-out>
  <testcase classname="testngFlag.Flag4_1" name="z" time="0.007"/>
  <system-out>
    <![CDATA[z]]>
  </system-out>
  <testcase classname="testngFlag.Flag4_1" name="m" time="0.002"/>
  <system-out>
    <![CDATA[m]]>
  </system-out>
</testsuite> <!-- testngFlag.Flag4_1 -->
