<?xml version="1.0" encoding="UTF-8"?>
<!-- Generated by org.testng.reporters.JUnitReportReporter -->
<testsuite hostname="DESKTOP-2PG37MQ" failures="0" tests="1" name="Testngpack.Remo" time="0.015" errors="0" timestamp="2022-06-06T18:32:19 IST" skipped="0">
  <testcase classname="Testngpack.Remo" name="f" time="0.015"/>
  <system-out>
    <![CDATA[Remo class method]]>
  </system-out>
</testsuite> <!-- Testngpack.Remo -->
