<?xml version="1.0" encoding="UTF-8"?>
<!-- Generated by org.testng.reporters.JUnitReportReporter -->
<testsuite hostname="DESKTOP-2PG37MQ" failures="0" tests="1" name="testngFlag.Flag1" time="0.024" errors="0" timestamp="2022-06-06T19:35:17 IST" skipped="0">
  <testcase classname="testngFlag.Flag1" name="f" time="0.024"/>
  <system-out>
    <![CDATA[Login is performed]]>
  </system-out>
</testsuite> <!-- testngFlag.Flag1 -->
