<?xml version="1.0" encoding="UTF-8"?>
<!-- Generated by org.testng.reporters.JUnitReportReporter -->
<testsuite hostname="DESKTOP-2PG37MQ" failures="0" tests="3" name="testngFlag.Depend" time="0.029" errors="0" timestamp="2022-06-06T20:52:21 IST" skipped="0">
  <testcase classname="testngFlag.Depend" name="logout" time="0.004"/>
  <system-out>
    <![CDATA[logout from the actitime]]>
  </system-out>
  <testcase classname="testngFlag.Depend" name="login" time="0.020"/>
  <system-out>
    <![CDATA[loginToActitime]]>
  </system-out>
  <testcase classname="testngFlag.Depend" name="createContact" time="0.005"/>
  <system-out>
    <![CDATA[create contact]]>
  </system-out>
</testsuite> <!-- testngFlag.Depend -->
