<?xml version="1.0" encoding="UTF-8"?>
<!-- Generated by org.testng.reporters.JUnitReportReporter -->
<testsuite hostname="DESKTOP-2PG37MQ" failures="0" tests="1" name="Testngpack.Demo" time="0.065" errors="0" timestamp="2022-06-06T18:32:19 IST" skipped="0">
  <testcase classname="Testngpack.Demo" name="f" time="0.065"/>
  <system-out>
    <![CDATA[Demo Class Method]]>
  </system-out>
</testsuite> <!-- Testngpack.Demo -->
